<?xml version="1.0" encoding="UTF-8"?>
<!-- Generated by org.testng.reporters.JUnitReportReporter -->
<testsuite hostname="Simran" failures="0" tests="1" name="TestCases.signUpCase" time="9.852" errors="0" timestamp="2022-12-07T22:40:01 IST" skipped="0">
  <testcase classname="TestCases.signUpCase" name="verify" time="9.852"/>
  <system-out/>
</testsuite> <!-- TestCases.signUpCase -->
