<?xml version="1.0" encoding="UTF-8"?>
<!-- Generated by org.testng.reporters.JUnitReportReporter -->
<testsuite hostname="Simran" failures="0" tests="1" name="TestCases.SignUpTest" time="12.118" errors="0" timestamp="2022-12-11T23:12:50 IST" skipped="0">
  <testcase classname="TestCases.SignUpTest" name="verify" time="12.118"/>
  <system-out/>
</testsuite> <!-- TestCases.SignUpTest -->
