<?xml version="1.0" encoding="UTF-8"?>
<!-- Generated by org.testng.reporters.JUnitReportReporter -->
<testsuite hostname="Simran" failures="0" tests="1" name="TestCases.BrowserLaunch" time="7.988" errors="0" timestamp="2022-12-06T22:27:01 IST" skipped="0">
  <testcase classname="TestCases.BrowserLaunch" name="browserTest" time="7.988"/>
  <system-out/>
</testsuite> <!-- TestCases.BrowserLaunch -->
